

================================================================
== Vitis HLS Report for 'tpgForeground_Pipeline_VITIS_LOOP_774_2'
================================================================
* Date:           Mon Jun 22 11:40:16 2026

* Version:        2024.1 (Build 5069499 on May 21 2024)
* Project:        prj
* Solution:       sol (Vivado IP Flow Target)
* Product family: zynq
* Target device:  xc7z020-clg400-1


================================================================
== Performance Estimates
================================================================
+ Timing: 
    * Summary: 
    +--------+----------+----------+------------+
    |  Clock |  Target  | Estimated| Uncertainty|
    +--------+----------+----------+------------+
    |ap_clk  |  13.47 ns|  9.200 ns|     3.64 ns|
    +--------+----------+----------+------------+

+ Latency: 
    * Summary: 
    +---------+---------+-----------+----------+-----+-------+-----------------------------------------------+
    |  Latency (cycles) |  Latency (absolute)  |   Interval  |                    Pipeline                   |
    |   min   |   max   |    min    |    max   | min |  max  |                      Type                     |
    +---------+---------+-----------+----------+-----+-------+-----------------------------------------------+
    |        2|    65538|  26.936 ns|  0.883 ms|    1|  65536|  loop auto-rewind stp(delay=0 clock cycles(s))|
    +---------+---------+-----------+----------+-----+-------+-----------------------------------------------+

    + Detail: 
        * Instance: 
        N/A

        * Loop: 
        +--------------------+---------+---------+----------+-----------+-----------+-----------+----------+
        |                    |  Latency (cycles) | Iteration|  Initiation Interval  |    Trip   |          |
        |      Loop Name     |   min   |   max   |  Latency |  achieved |   target  |   Count   | Pipelined|
        +--------------------+---------+---------+----------+-----------+-----------+-----------+----------+
        |- VITIS_LOOP_774_2  |        0|    65536|         3|          1|          1|  0 ~ 65535|       yes|
        +--------------------+---------+---------+----------+-----------+-----------+-----------+----------+



================================================================
== Utilization Estimates
================================================================
* Summary: 
+-----------------+---------+-----+--------+-------+-----+
|       Name      | BRAM_18K| DSP |   FF   |  LUT  | URAM|
+-----------------+---------+-----+--------+-------+-----+
|DSP              |        -|    -|       -|      -|    -|
|Expression       |        -|    -|       0|    553|    -|
|FIFO             |        -|    -|       -|      -|    -|
|Instance         |        -|    -|       -|      -|    -|
|Memory           |        0|    -|       8|      1|    -|
|Multiplexer      |        -|    -|       0|    210|    -|
|Register         |        -|    -|     202|      -|    -|
+-----------------+---------+-----+--------+-------+-----+
|Total            |        0|    0|     210|    764|    0|
+-----------------+---------+-----+--------+-------+-----+
|Available        |      280|  220|  106400|  53200|    0|
+-----------------+---------+-----+--------+-------+-----+
|Utilization (%)  |        0|    0|      ~0|      1|    0|
+-----------------+---------+-----+--------+-------+-----+

+ Detail: 
    * Instance: 
    N/A

    * DSP: 
    N/A

    * Memory: 
    +------------+--------------------------------------------------------------+---------+---+----+-----+------+-----+------+-------------+
    |   Memory   |                            Module                            | BRAM_18K| FF| LUT| URAM| Words| Bits| Banks| W*Bits*Banks|
    +------------+--------------------------------------------------------------+---------+---+----+-----+------+-----+------+-------------+
    |whiYuv_2_U  |tpgForeground_Pipeline_VITIS_LOOP_774_2_whiYuv_2_ROM_AUTO_1R  |        0|  8|   1|    0|     3|    8|     1|           24|
    +------------+--------------------------------------------------------------+---------+---+----+-----+------+-----+------+-------------+
    |Total       |                                                              |        0|  8|   1|    0|     3|    8|     1|           24|
    +------------+--------------------------------------------------------------+---------+---+----+-----+------+-----+------+-------------+

    * FIFO: 
    N/A

    * Expression: 
    +----------------------------------+----------+----+---+----+------------+------------+
    |           Variable Name          | Operation| DSP| FF| LUT| Bitwidth P0| Bitwidth P1|
    +----------------------------------+----------+----+---+----+------------+------------+
    |add_ln1912_fu_519_p2              |         +|   0|  0|  23|          16|          16|
    |add_ln1916_fu_543_p2              |         +|   0|  0|  23|          16|          16|
    |boxBottom_fu_630_p2               |         +|   0|  0|  23|          16|          16|
    |boxRight_fu_625_p2                |         +|   0|  0|  23|          16|          16|
    |x_2_fu_441_p2                     |         +|   0|  0|  23|          16|           1|
    |sub_ln1914_fu_514_p2              |         -|   0|  0|  23|          16|          16|
    |sub_ln1918_fu_538_p2              |         -|   0|  0|  23|          16|          16|
    |and_ln1942_1_fu_673_p2            |       and|   0|  0|   2|           1|           1|
    |and_ln1942_2_fu_667_p2            |       and|   0|  0|   2|           1|           1|
    |and_ln1942_fu_679_p2              |       and|   0|  0|   2|           1|           1|
    |and_ln1947_fu_685_p2              |       and|   0|  0|   2|           1|           1|
    |ap_block_state3_pp0_stage0_iter2  |       and|   0|  0|   2|           1|           1|
    |ap_condition_227                  |       and|   0|  0|   2|           1|           1|
    |ap_condition_350                  |       and|   0|  0|   2|           1|           1|
    |ap_condition_354                  |       and|   0|  0|   2|           1|           1|
    |ap_condition_372                  |       and|   0|  0|   2|           1|           1|
    |ap_condition_419                  |       and|   0|  0|   2|           1|           1|
    |ap_condition_689                  |       and|   0|  0|   2|           1|           1|
    |icmp_ln1884_fu_456_p2             |      icmp|   0|  0|  23|          16|           1|
    |icmp_ln1889_fu_466_p2             |      icmp|   0|  0|  23|          16|          16|
    |icmp_ln1894_fu_477_p2             |      icmp|   0|  0|  23|          16|          16|
    |icmp_ln1901_fu_492_p2             |      icmp|   0|  0|  23|          16|          16|
    |icmp_ln1906_fu_503_p2             |      icmp|   0|  0|  23|          16|          16|
    |icmp_ln1932_1_fu_646_p2           |      icmp|   0|  0|  23|          16|          16|
    |icmp_ln1932_fu_635_p2             |      icmp|   0|  0|  23|          16|          16|
    |icmp_ln1937_1_fu_662_p2           |      icmp|   0|  0|  23|          16|          16|
    |icmp_ln1937_fu_651_p2             |      icmp|   0|  0|  23|          16|          16|
    |icmp_ln1963_fu_572_p2             |      icmp|   0|  0|  23|          16|          16|
    |icmp_ln774_fu_436_p2              |      icmp|   0|  0|  23|          16|          16|
    |ap_block_pp0_stage0_01001         |        or|   0|  0|   2|           1|           1|
    |or_ln1884_fu_451_p2               |        or|   0|  0|  16|          16|          16|
    |or_ln1963_fu_577_p2               |        or|   0|  0|   2|           1|           1|
    |boxHCoord                         |    select|   0|  0|  16|           1|          16|
    |boxVCoord                         |    select|   0|  0|  16|           1|          16|
    |empty_fu_735_p3                   |    select|   0|  0|   8|           1|           8|
    |p_0_2_0_0_0269598_fu_714_p3       |    select|   0|  0|   8|           1|           8|
    |pixOut_10_fu_721_p3               |    select|   0|  0|   8|           1|           8|
    |pixOut_5_fu_689_p3                |    select|   0|  0|   8|           1|           8|
    |pixOut_9_fu_700_p3                |    select|   0|  0|   8|           1|           1|
    |select_ln1975_fu_582_p3           |    select|   0|  0|   3|           1|           3|
    |select_ln1991_fu_728_p3           |    select|   0|  0|   8|           1|           1|
    |select_ln1993_fu_707_p3           |    select|   0|  0|   8|           1|           1|
    |ap_enable_pp0                     |       xor|   0|  0|   2|           1|           2|
    |xor_ln1932_fu_640_p2              |       xor|   0|  0|   2|           1|           2|
    |xor_ln1937_fu_656_p2              |       xor|   0|  0|   2|           1|           2|
    +----------------------------------+----------+----+---+----+------------+------------+
    |Total                             |          |   0|  0| 553|         330|         363|
    +----------------------------------+----------+----+---+----+------------+------------+

    * Multiplexer: 
    +-----------------------------------------+----+-----------+-----+-----------+
    |                   Name                  | LUT| Input Size| Bits| Total Bits|
    +-----------------------------------------+----+-----------+-----+-----------+
    |ap_done_int                              |   9|          2|    1|          2|
    |ap_enable_reg_pp0_iter1                  |   9|          2|    1|          2|
    |ap_enable_reg_pp0_iter2                  |   9|          2|    1|          2|
    |ap_phi_mux_empty_86_phi_fu_322_p8        |  14|          3|    1|          3|
    |ap_phi_mux_empty_87_phi_fu_305_p8        |  14|          3|    1|          3|
    |ap_phi_mux_pix_3_phi_fu_368_p12          |   9|          2|    8|         16|
    |ap_phi_mux_pix_4_phi_fu_350_p12          |   9|          2|    8|         16|
    |ap_phi_mux_pix_phi_fu_388_p12            |   9|          2|    8|         16|
    |ap_phi_reg_pp0_iter2_phi_ln1975_reg_336  |  14|          3|    2|          6|
    |ap_phi_reg_pp0_iter2_pix_3_reg_364       |   9|          2|    8|         16|
    |ap_phi_reg_pp0_iter2_pix_4_reg_347       |   9|          2|    8|         16|
    |ap_phi_reg_pp0_iter2_pix_reg_384         |   9|          2|    8|         16|
    |ap_phi_reg_pp0_iter3_pix_3_reg_364       |  14|          3|    8|         24|
    |ap_phi_reg_pp0_iter3_pix_4_reg_347       |  14|          3|    8|         24|
    |ap_phi_reg_pp0_iter3_pix_reg_384         |  14|          3|    8|         24|
    |bckgndYUV_blk_n                          |   9|          2|    1|          2|
    |boxHCoord_loc_1_fu_140                   |   9|          2|   16|         32|
    |boxVCoord_loc_1_fu_136                   |   9|          2|   16|         32|
    |ovrlayYUV_blk_n                          |   9|          2|    1|          2|
    |x_fu_132                                 |   9|          2|   16|         32|
    +-----------------------------------------+----+-----------+-----+-----------+
    |Total                                    | 210|         46|  129|        286|
    +-----------------------------------------+----+-----------+-----+-----------+

    * Register: 
    +-----------------------------------------+----+----+-----+-----------+
    |                   Name                  | FF | LUT| Bits| Const Bits|
    +-----------------------------------------+----+----+-----+-----------+
    |ap_CS_fsm                                |   1|   0|    1|          0|
    |ap_done_reg                              |   1|   0|    1|          0|
    |ap_enable_reg_pp0_iter1                  |   1|   0|    1|          0|
    |ap_enable_reg_pp0_iter2                  |   1|   0|    1|          0|
    |ap_enable_reg_pp0_iter3                  |   1|   0|    1|          0|
    |ap_loop_exit_ready_pp0_iter2_reg         |   1|   0|    1|          0|
    |ap_phi_reg_pp0_iter1_phi_ln1975_reg_336  |   2|   0|    2|          0|
    |ap_phi_reg_pp0_iter1_pix_3_reg_364       |   8|   0|    8|          0|
    |ap_phi_reg_pp0_iter1_pix_4_reg_347       |   8|   0|    8|          0|
    |ap_phi_reg_pp0_iter1_pix_reg_384         |   8|   0|    8|          0|
    |ap_phi_reg_pp0_iter2_phi_ln1975_reg_336  |   2|   0|    2|          0|
    |ap_phi_reg_pp0_iter2_pix_3_reg_364       |   8|   0|    8|          0|
    |ap_phi_reg_pp0_iter2_pix_4_reg_347       |   8|   0|    8|          0|
    |ap_phi_reg_pp0_iter2_pix_reg_384         |   8|   0|    8|          0|
    |ap_phi_reg_pp0_iter3_pix_3_reg_364       |   8|   0|    8|          0|
    |ap_phi_reg_pp0_iter3_pix_4_reg_347       |   8|   0|    8|          0|
    |ap_phi_reg_pp0_iter3_pix_reg_384         |   8|   0|    8|          0|
    |boxHCoord_loc_1_fu_140                   |  16|   0|   16|          0|
    |boxHCoord_loc_1_load_reg_906             |  16|   0|   16|          0|
    |boxVCoord_loc_1_fu_136                   |  16|   0|   16|          0|
    |boxVCoord_loc_1_load_reg_901             |  16|   0|   16|          0|
    |hDir                                     |   1|   0|    1|          0|
    |icmp_ln774_reg_911                       |   1|   0|    1|          0|
    |icmp_ln774_reg_911_pp0_iter2_reg         |   1|   0|    1|          0|
    |motionSpeed_cast_reg_887                 |   8|   0|   16|          8|
    |or_ln1963_reg_948                        |   1|   0|    1|          0|
    |or_ln1963_reg_948_pp0_iter2_reg          |   1|   0|    1|          0|
    |trunc_ln774_reg_915                      |   1|   0|    1|          0|
    |vDir                                     |   1|   0|    1|          0|
    |x_1_reg_895                              |  16|   0|   16|          0|
    |x_fu_132                                 |  16|   0|   16|          0|
    |zext_ln1889_cast_reg_881                 |   9|   0|   16|          7|
    +-----------------------------------------+----+----+-----+-----------+
    |Total                                    | 202|   0|  217|         15|
    +-----------------------------------------+----+----+-----+-----------+



================================================================
== Interface
================================================================
* Summary: 
+----------------------------+-----+-----+------------+-----------------------------------------+--------------+
|          RTL Ports         | Dir | Bits|  Protocol  |              Source Object              |    C Type    |
+----------------------------+-----+-----+------------+-----------------------------------------+--------------+
|ap_clk                      |   in|    1|  ap_ctrl_hs|  tpgForeground_Pipeline_VITIS_LOOP_774_2|  return value|
|ap_rst                      |   in|    1|  ap_ctrl_hs|  tpgForeground_Pipeline_VITIS_LOOP_774_2|  return value|
|ap_start                    |   in|    1|  ap_ctrl_hs|  tpgForeground_Pipeline_VITIS_LOOP_774_2|  return value|
|ap_done                     |  out|    1|  ap_ctrl_hs|  tpgForeground_Pipeline_VITIS_LOOP_774_2|  return value|
|ap_idle                     |  out|    1|  ap_ctrl_hs|  tpgForeground_Pipeline_VITIS_LOOP_774_2|  return value|
|ap_ready                    |  out|    1|  ap_ctrl_hs|  tpgForeground_Pipeline_VITIS_LOOP_774_2|  return value|
|bckgndYUV_dout              |   in|   24|     ap_fifo|                                bckgndYUV|       pointer|
|bckgndYUV_num_data_valid    |   in|    5|     ap_fifo|                                bckgndYUV|       pointer|
|bckgndYUV_fifo_cap          |   in|    5|     ap_fifo|                                bckgndYUV|       pointer|
|bckgndYUV_empty_n           |   in|    1|     ap_fifo|                                bckgndYUV|       pointer|
|bckgndYUV_read              |  out|    1|     ap_fifo|                                bckgndYUV|       pointer|
|ovrlayYUV_din               |  out|   24|     ap_fifo|                                ovrlayYUV|       pointer|
|ovrlayYUV_num_data_valid    |   in|    5|     ap_fifo|                                ovrlayYUV|       pointer|
|ovrlayYUV_fifo_cap          |   in|    5|     ap_fifo|                                ovrlayYUV|       pointer|
|ovrlayYUV_full_n            |   in|    1|     ap_fifo|                                ovrlayYUV|       pointer|
|ovrlayYUV_write             |  out|    1|     ap_fifo|                                ovrlayYUV|       pointer|
|boxHCoord_loc_0             |   in|   16|     ap_none|                          boxHCoord_loc_0|        scalar|
|boxVCoord_loc_0             |   in|   16|     ap_none|                          boxVCoord_loc_0|        scalar|
|loopWidth                   |   in|   16|     ap_none|                                loopWidth|        scalar|
|boxColorB                   |   in|    8|     ap_none|                                boxColorB|        scalar|
|conv2_i_i_i129              |   in|    8|     ap_none|                           conv2_i_i_i129|        scalar|
|boxColorR                   |   in|    8|     ap_none|                                boxColorR|        scalar|
|and4_i                      |   in|    1|     ap_none|                                   and4_i|        scalar|
|and26_i                     |   in|    1|     ap_none|                                  and26_i|        scalar|
|tobool                      |   in|    1|     ap_none|                                   tobool|        scalar|
|and10_i                     |   in|    1|     ap_none|                                  and10_i|        scalar|
|patternId_val_load          |   in|    8|     ap_none|                       patternId_val_load|        scalar|
|boxSize                     |   in|   16|     ap_none|                                  boxSize|        scalar|
|y                           |   in|   16|     ap_none|                                        y|        scalar|
|motionSpeed                 |   in|    8|     ap_none|                              motionSpeed|        scalar|
|vMax                        |   in|   16|     ap_none|                                     vMax|        scalar|
|hMax                        |   in|   16|     ap_none|                                     hMax|        scalar|
|zext_ln1889                 |   in|    9|     ap_none|                              zext_ln1889|        scalar|
|icmp                        |   in|    1|     ap_none|                                     icmp|        scalar|
|boxColorG                   |   in|    8|     ap_none|                                boxColorG|        scalar|
|crossHairX                  |   in|   16|     ap_none|                               crossHairX|        scalar|
|cmp2_i                      |   in|    1|     ap_none|                                   cmp2_i|        scalar|
|color                       |   in|    8|     ap_none|                                    color|        scalar|
|boxHCoord_loc_1_out         |  out|   16|      ap_vld|                      boxHCoord_loc_1_out|       pointer|
|boxHCoord_loc_1_out_ap_vld  |  out|    1|      ap_vld|                      boxHCoord_loc_1_out|       pointer|
|boxVCoord_loc_1_out         |  out|   16|      ap_vld|                      boxVCoord_loc_1_out|       pointer|
|boxVCoord_loc_1_out_ap_vld  |  out|    1|      ap_vld|                      boxVCoord_loc_1_out|       pointer|
|boxHCoord                   |  out|   16|      ap_vld|                                boxHCoord|       pointer|
|boxHCoord_ap_vld            |  out|    1|      ap_vld|                                boxHCoord|       pointer|
|boxVCoord                   |  out|   16|      ap_vld|                                boxVCoord|       pointer|
|boxVCoord_ap_vld            |  out|    1|      ap_vld|                                boxVCoord|       pointer|
+----------------------------+-----+-----+------------+-----------------------------------------+--------------+

