Copyright 1986-2022 Xilinx, Inc. All Rights Reserved. Copyright 2022-2024 Advanced Micro Devices, Inc. All Rights Reserved.
----------------------------------------------------------------------------------------------------------------------------------------------------------------------
| Tool Version     : Vivado v.2024.1 (win64) Build 5076996 Wed May 22 18:37:14 MDT 2024
| Date             : Mon Jun 22 11:45:14 2026
| Host             : VALDERSYM running 64-bit major release  (build 9200)
| Command          : report_power -file design_1_wrapper_power_routed.rpt -pb design_1_wrapper_power_summary_routed.pb -rpx design_1_wrapper_power_routed.rpx
| Design           : design_1_wrapper
| Device           : xc7z020clg400-1
| Design State     : routed
| Grade            : commercial
| Process          : typical
| Characterization : Production
----------------------------------------------------------------------------------------------------------------------------------------------------------------------

Power Report

Table of Contents
-----------------
1. Summary
1.1 On-Chip Components
1.2 Power Supply Summary
1.3 Confidence Level
2. Settings
2.1 Environment
2.2 Clock Constraints
3. Detailed Reports
3.1 By Hierarchy

1. Summary
----------

+--------------------------+--------------+
| Total On-Chip Power (W)  | 1.857        |
| Design Power Budget (W)  | Unspecified* |
| Power Budget Margin (W)  | NA           |
| Dynamic (W)              | 1.707        |
| Device Static (W)        | 0.150        |
| Effective TJA (C/W)      | 11.5         |
| Max Ambient (C)          | 63.6         |
| Junction Temperature (C) | 46.4         |
| Confidence Level         | Medium       |
| Setting File             | ---          |
| Simulation Activity File | ---          |
| Design Nets Matched      | NA           |
+--------------------------+--------------+
* Specify Design Power Budget using, set_operating_conditions -design_power_budget <value in Watts>


1.1 On-Chip Components
----------------------

+--------------------------+-----------+----------+-----------+-----------------+
| On-Chip                  | Power (W) | Used     | Available | Utilization (%) |
+--------------------------+-----------+----------+-----------+-----------------+
| Clocks                   |     0.027 |       10 |       --- |             --- |
| Slice Logic              |     0.009 |    17916 |       --- |             --- |
|   LUT as Logic           |     0.008 |     6035 |     53200 |           11.34 |
|   CARRY4                 |    <0.001 |      427 |     13300 |            3.21 |
|   Register               |    <0.001 |     8409 |    106400 |            7.90 |
|   LUT as Shift Register  |    <0.001 |      384 |     17400 |            2.21 |
|   F7/F8 Muxes            |    <0.001 |       19 |     53200 |            0.04 |
|   LUT as Distributed RAM |    <0.001 |       12 |     17400 |            0.07 |
|   Others                 |     0.000 |      762 |       --- |             --- |
| Signals                  |     0.012 |    13038 |       --- |             --- |
| Block RAM                |     0.009 |     10.5 |       140 |            7.50 |
| MMCM                     |     0.116 |        1 |         4 |           25.00 |
| PLL                      |     0.135 |        1 |         4 |           25.00 |
| DSPs                     |     0.010 |       13 |       220 |            5.91 |
| I/O                      |     0.132 |        8 |       125 |            6.40 |
| PS7                      |     1.256 |        1 |       --- |             --- |
| Static Power             |     0.150 |          |           |                 |
| Total                    |     1.857 |          |           |                 |
+--------------------------+-----------+----------+-----------+-----------------+


1.2 Power Supply Summary
------------------------

+-----------+-------------+-----------+-------------+------------+-------------+-------------+------------+
| Source    | Voltage (V) | Total (A) | Dynamic (A) | Static (A) | Powerup (A) | Budget (A)  | Margin (A) |
+-----------+-------------+-----------+-------------+------------+-------------+-------------+------------+
| Vccint    |       1.000 |     0.098 |       0.082 |      0.017 |       NA    | Unspecified | NA         |
| Vccaux    |       1.800 |     0.148 |       0.132 |      0.016 |       NA    | Unspecified | NA         |
| Vcco33    |       3.300 |     0.041 |       0.040 |      0.001 |       NA    | Unspecified | NA         |
| Vcco25    |       2.500 |     0.000 |       0.000 |      0.000 |       NA    | Unspecified | NA         |
| Vcco18    |       1.800 |     0.000 |       0.000 |      0.000 |       NA    | Unspecified | NA         |
| Vcco15    |       1.500 |     0.000 |       0.000 |      0.000 |       NA    | Unspecified | NA         |
| Vcco135   |       1.350 |     0.000 |       0.000 |      0.000 |       NA    | Unspecified | NA         |
| Vcco12    |       1.200 |     0.000 |       0.000 |      0.000 |       NA    | Unspecified | NA         |
| Vccaux_io |       1.800 |     0.000 |       0.000 |      0.000 |       NA    | Unspecified | NA         |
| Vccbram   |       1.000 |     0.002 |       0.001 |      0.002 |       NA    | Unspecified | NA         |
| MGTAVcc   |       1.000 |     0.000 |       0.000 |      0.000 |       NA    | Unspecified | NA         |
| MGTAVtt   |       1.200 |     0.000 |       0.000 |      0.000 |       NA    | Unspecified | NA         |
| MGTVccaux |       1.800 |     0.000 |       0.000 |      0.000 |       NA    | Unspecified | NA         |
| Vccpint   |       1.000 |     0.679 |       0.647 |      0.032 |       NA    | Unspecified | NA         |
| Vccpaux   |       1.800 |     0.036 |       0.026 |      0.010 |       NA    | Unspecified | NA         |
| Vccpll    |       1.800 |     0.017 |       0.014 |      0.003 |       NA    | Unspecified | NA         |
| Vcco_ddr  |       1.500 |     0.354 |       0.352 |      0.002 |       NA    | Unspecified | NA         |
| Vcco_mio0 |       3.300 |     0.003 |       0.002 |      0.001 |       NA    | Unspecified | NA         |
| Vcco_mio1 |       1.800 |     0.003 |       0.002 |      0.001 |       NA    | Unspecified | NA         |
| Vccadc    |       1.800 |     0.020 |       0.000 |      0.020 |       NA    | Unspecified | NA         |
+-----------+-------------+-----------+-------------+------------+-------------+-------------+------------+


1.3 Confidence Level
--------------------

+-----------------------------+------------+------------------------------------------------+------------------------------------------------------------------------------------------------------------+
| User Input Data             | Confidence | Details                                        | Action                                                                                                     |
+-----------------------------+------------+------------------------------------------------+------------------------------------------------------------------------------------------------------------+
| Design implementation state | High       | Design is routed                               |                                                                                                            |
| Clock nodes activity        | High       | User specified more than 95% of clocks         |                                                                                                            |
| I/O nodes activity          | High       | User specified more than 95% of inputs         |                                                                                                            |
| Internal nodes activity     | Medium     | User specified less than 25% of internal nodes | Provide missing internal nodes activity with simulation results or by editing the "By Resource Type" views |
| Device models               | High       | Device models are Production                   |                                                                                                            |
|                             |            |                                                |                                                                                                            |
| Overall confidence level    | Medium     |                                                |                                                                                                            |
+-----------------------------+------------+------------------------------------------------+------------------------------------------------------------------------------------------------------------+


2. Settings
-----------

2.1 Environment
---------------

+-----------------------+------------------------+
| Ambient Temp (C)      | 25.0                   |
| ThetaJA (C/W)         | 11.5                   |
| Airflow (LFM)         | 250                    |
| Heat Sink             | none                   |
| ThetaSA (C/W)         | 0.0                    |
| Board Selection       | medium (10"x10")       |
| # of Board Layers     | 8to11 (8 to 11 Layers) |
| Board Temperature (C) | 25.0                   |
+-----------------------+------------------------+


2.2 Clock Constraints
---------------------

+-------------------------------+--------------------------------------------------------------+-----------------+
| Clock                         | Domain                                                       | Constraint (ns) |
+-------------------------------+--------------------------------------------------------------+-----------------+
| CLKFBIN                       | design_1_i/rgb2dvi_0/U0/ClockGenInternal.ClockGenX/CLKFBIN   |            13.5 |
| PixelClkIO                    | design_1_i/rgb2dvi_0/U0/ClockGenInternal.ClockGenX/PixelClk  |            13.5 |
| SerialClkIO                   | design_1_i/rgb2dvi_0/U0/ClockGenInternal.ClockGenX/SerialClk |             2.7 |
| clk_fpga_0                    | design_1_i/ps7/inst/FCLK_CLK0                                |            10.0 |
| clk_fpga_0                    | design_1_i/ps7/inst/FCLK_CLK_unbuffered[0]                   |            10.0 |
| clk_out1_design_1_clk_wiz_0_1 | design_1_i/clk_wiz_1/inst/clk_out1_design_1_clk_wiz_0_1      |            13.5 |
| clkfbout_design_1_clk_wiz_0_1 | design_1_i/clk_wiz_1/inst/clkfbout_design_1_clk_wiz_0_1      |            40.0 |
+-------------------------------+--------------------------------------------------------------+-----------------+


3. Detailed Reports
-------------------

3.1 By Hierarchy
----------------

+------------------------+-----------+
| Name                   | Power (W) |
+------------------------+-----------+
| design_1_wrapper       |     1.707 |
|   design_1_i           |     1.707 |
|     axi_interconnect_0 |     0.003 |
|       s00_couplers     |     0.002 |
|     axi_interconnect_1 |     0.002 |
|       xbar             |     0.001 |
|     axi_vdma_0         |     0.016 |
|       U0               |     0.016 |
|     clk_wiz_1          |     0.117 |
|       inst             |     0.117 |
|     ps7                |     1.257 |
|       inst             |     1.257 |
|     rgb2dvi_0          |     0.271 |
|       U0               |     0.271 |
|     v_axi4s_vid_out_0  |     0.002 |
|       inst             |     0.002 |
|     v_tpg_0            |     0.039 |
|       inst             |     0.039 |
+------------------------+-----------+


